Change Component Designator: Old Designator=C16 New Designator=C1
Change Component Designator: Old Designator=C18 New Designator=C2
Change Component Designator: Old Designator=C21 New Designator=C3
Change Component Designator: Old Designator=C22 New Designator=C4
Change Component Designator: Old Designator=C25 New Designator=C5
Change Component Designator: Old Designator=C26 New Designator=C6
Change Component Designator: Old Designator=C27 New Designator=C7
Change Component Designator: Old Designator=C28 New Designator=C8
Change Component Designator: Old Designator=C30 New Designator=C9
Change Component Designator: Old Designator=C32 New Designator=C10
Change Component Designator: Old Designator=C34 New Designator=C11
Change Component Designator: Old Designator=C35 New Designator=C12
Change Component Designator: Old Designator=C38 New Designator=C13
Change Component Designator: Old Designator=C40 New Designator=C14
Change Component Designator: Old Designator=C42 New Designator=C17
Change Component Designator: Old Designator=C44 New Designator=C18
Change Component Designator: Old Designator=C46 New Designator=C19
Change Component Designator: Old Designator=C47 New Designator=C15
Change Component Designator: Old Designator=C48 New Designator=C20
Change Component Designator: Old Designator=C49 New Designator=C16
Change Component Designator: Old Designator=D11 New Designator=D1
Change Component Designator: Old Designator=MX1 New Designator=MX2
Change Component Designator: Old Designator=MX3 New Designator=MX1
Change Component Designator: Old Designator=MX4 New Designator=MX3
Change Component Designator: Old Designator=PH2 New Designator=PH1
Change Component Designator: Old Designator=PH3 New Designator=PH2
Change Component Designator: Old Designator=PH4 New Designator=PH3
Change Component Designator: Old Designator=PH5 New Designator=PH4
Change Component Designator: Old Designator=PH9 New Designator=PH5
Change Component Designator: Old Designator=PH10 New Designator=PH8
Change Component Designator: Old Designator=PH12 New Designator=PH6
Change Component Designator: Old Designator=Q1 New Designator=Q7
Change Component Designator: Old Designator=Q2 New Designator=Q6
Change Component Designator: Old Designator=R31 New Designator=R18
Change Component Designator: Old Designator=R34 New Designator=R19
Change Component Designator: Old Designator=R35 New Designator=R21
Change Component Designator: Old Designator=R37 New Designator=R20
Change Component Designator: Old Designator=R39 New Designator=R22
Change Component Designator: Old Designator=R40 New Designator=R23
Change Component Designator: Old Designator=R41 New Designator=R24
Change Component Designator: Old Designator=R43 New Designator=R25
Change Component Designator: Old Designator=R44 New Designator=R26
Change Component Designator: Old Designator=R45 New Designator=R28
Change Component Designator: Old Designator=R47 New Designator=R27
Change Component Designator: Old Designator=R50 New Designator=R29
Change Component Designator: Old Designator=R52 New Designator=R30
Change Component Designator: Old Designator=R53 New Designator=R40
Change Component Designator: Old Designator=R55 New Designator=R41
Change Component Designator: Old Designator=R57 New Designator=R42
Change Component Designator: Old Designator=R59 New Designator=R44
Change Component Designator: Old Designator=R61 New Designator=R47
Change Component Designator: Old Designator=R64 New Designator=R46
Change Component Designator: Old Designator=R68 New Designator=R49
Change Component Designator: Old Designator=R70 New Designator=R51
Change Component Designator: Old Designator=R71 New Designator=R31
Change Component Designator: Old Designator=R72 New Designator=R52
Change Component Designator: Old Designator=R73 New Designator=R32
Change Component Designator: Old Designator=R74 New Designator=R36
Change Component Designator: Old Designator=R75 New Designator=R53
Change Component Designator: Old Designator=R76 New Designator=R33
Change Component Designator: Old Designator=R77 New Designator=R54
Change Component Designator: Old Designator=R78 New Designator=R56
Change Component Designator: Old Designator=R79 New Designator=R34
Change Component Designator: Old Designator=R80 New Designator=R55
Change Component Designator: Old Designator=R81 New Designator=R35
Change Component Designator: Old Designator=R82 New Designator=R57
Change Component Designator: Old Designator=R83 New Designator=R37
Change Component Designator: Old Designator=R89 New Designator=R38
Change Component Designator: Old Designator=R90 New Designator=R50
Change Component Designator: Old Designator=R91 New Designator=R45
Change Component Designator: Old Designator=R124 New Designator=R48
Change Component Designator: Old Designator=R220 New Designator=R39
Change Component Designator: Old Designator=R223 New Designator=R43
Change Component Designator: Old Designator=U15 New Designator=U2
Change Component Designator: Old Designator=U17 New Designator=U3
Change Component Designator: Old Designator=U19 New Designator=U4
Change Component Designator: Old Designator=U20 New Designator=U6
Change Component Designator: Old Designator=U23 New Designator=U7
Change Component Designator: Old Designator=U24 New Designator=U5
