Removed Pin From Net: NetName=GND Pin=C2-1
Removed Pin From Net: NetName=GND Pin=C3-2
Removed Pin From Net: NetName=VOUT_24V Pin=C4-1
Removed Pin From Net: NetName=GND Pin=C4-2
Removed Pin From Net: NetName=GND Pin=C5-1
Removed Pin From Net: NetName=VOUT_24V Pin=C5-2
Removed Pin From Net: NetName=VOUT_24V Pin=C6-2
Removed Pin From Net: NetName=GND Pin=D2-2
Removed Pin From Net: NetName=VOUT Pin=D19-A
Removed Pin From Net: NetName=VOUT Pin=D20-2
Removed Pin From Net: NetName=GND Pin=FB1-1
Removed Pin From Net: NetName=DGND Pin=FB1-2
Removed Pin From Net: NetName=GND Pin=FB2-1
Removed Pin From Net: NetName=AGND Pin=FB2-2
Removed Pin From Net: NetName=VOUT_24V Pin=L1-1
Removed Pin From Net: NetName=VOUT Pin=PH19-1
Removed Pin From Net: NetName=VOUT_24V Pin=R23-2
Removed Pin From Net: NetName=GND Pin=R24-1
Removed Pin From Net: NetName=GND Pin=U2-1
Removed Member From Class: ClassName=Power Member=C1
Removed Member From Class: ClassName=Power Member=C2
Removed Member From Class: ClassName=Power Member=C3
Removed Member From Class: ClassName=Power Member=C4
Removed Member From Class: ClassName=Power Member=C5
Removed Member From Class: ClassName=Power Member=C6
Removed Member From Class: ClassName=Power Member=D1
Removed Member From Class: ClassName=Power Member=D2
Removed Member From Class: ClassName=Power Member=FB1
Removed Member From Class: ClassName=Power Member=FB2
Removed Member From Class: ClassName=Power Member=L1
Removed Member From Class: ClassName=Power Member=R23
Removed Member From Class: ClassName=Power Member=R24
Removed Member From Class: ClassName=Power Member=U2
Added Component: Designator=R?(R1206)
Add component. Clean all parameters for all variants
Added Component: Designator=R?(R1206)
Add component. Clean all parameters for all variants
Added Component: Designator=R?(R1206)
Add component. Clean all parameters for all variants
Added Component: Designator=R?(R1206)
Add component. Clean all parameters for all variants
Added Pin To Net: NetName=VOUT_24V Pin=F1-1
Added Pin To Net: NetName=GND Pin=R?-1
Added Pin To Net: NetName=GND Pin=R?-1
Added Pin To Net: NetName=VOUT Pin=R?-1
Added Pin To Net: NetName=AGND Pin=R?-2
Added Pin To Net: NetName=DGND Pin=R?-2
Added Pin To Net: NetName=VCC_24V Pin=R?-2
Change Net Name : Old Net Name=VOUT_24V New Net Name=NetD3_A
Added Pin To Net: NetName=NetD19_A Pin=D19-A
Added Pin To Net: NetName=NetD19_A Pin=D20-2
Added Pin To Net: NetName=NetD19_A Pin=PH19-1
Added Pin To Net: NetName=NetD19_A Pin=R?-1
Added Pin To Net: NetName=NetD19_A Pin=R?-2
Added Net: Name=NetD19_A
Added Member To Class: ClassName=Power Member=Component R? 10k¦¸
Added Member To Class: ClassName=Power Member=Component R? 10k¦¸
Added Member To Class: ClassName=Temp Member=Component R? 0¦¸
Added Member To Class: ClassName=Temp Member=Component R? NC
