Removed Member From Class: ClassName=Power Member=D14
Removed Member From Class: ClassName=Power Member=D15
Removed Member From Class: ClassName=Motor Member=MX4
Removed Member From Class: ClassName=LED Member=R19
Removed Member From Class: ClassName=LED Member=R20
Removed Member From Class: ClassName=LED Member=R21
Removed Member From Class: ClassName=LED Member=R22
Change Component Designator: OldDesignator=C7 NewDesignator=C52
Change Component Designator: OldDesignator=C8 NewDesignator=C53
Change Component Designator: OldDesignator=C9 NewDesignator=C54
Change Component Designator: OldDesignator=C10 NewDesignator=C55
Change Component Designator: OldDesignator=C11 NewDesignator=C81
Change Component Designator: OldDesignator=C12 NewDesignator=C93
Change Component Designator: OldDesignator=C13 NewDesignator=C94
Change Component Designator: OldDesignator=C14 NewDesignator=C95
Change Component Designator: OldDesignator=C15 NewDesignator=C96
Change Component Designator: OldDesignator=C16 NewDesignator=C1
Change Component Designator: OldDesignator=C17 NewDesignator=C97
Change Component Designator: OldDesignator=C18 NewDesignator=C2
Change Component Designator: OldDesignator=C19 NewDesignator=C98
Change Component Designator: OldDesignator=C20 NewDesignator=C99
Change Component Designator: OldDesignator=C21 NewDesignator=C3
Change Component Designator: OldDesignator=C22 NewDesignator=C4
Change Component Designator: OldDesignator=C23 NewDesignator=C100
Change Component Designator: OldDesignator=C24 NewDesignator=C101
Change Component Designator: OldDesignator=C25 NewDesignator=C5
Change Component Designator: OldDesignator=C26 NewDesignator=C6
Change Component Designator: OldDesignator=C27 NewDesignator=C7
Change Component Designator: OldDesignator=C28 NewDesignator=C8
Change Component Designator: OldDesignator=C29 NewDesignator=C102
Change Component Designator: OldDesignator=C30 NewDesignator=C9
Change Component Designator: OldDesignator=C31 NewDesignator=C103
Change Component Designator: OldDesignator=C32 NewDesignator=C10
Change Component Designator: OldDesignator=C33 NewDesignator=C104
Change Component Designator: OldDesignator=C34 NewDesignator=C11
Change Component Designator: OldDesignator=C35 NewDesignator=C12
Change Component Designator: OldDesignator=C38 NewDesignator=C13
Change Component Designator: OldDesignator=C40 NewDesignator=C14
Change Component Designator: OldDesignator=C42 NewDesignator=C17
Change Component Designator: OldDesignator=C44 NewDesignator=C18
Change Component Designator: OldDesignator=C46 NewDesignator=C19
Change Component Designator: OldDesignator=C47 NewDesignator=C15
Change Component Designator: OldDesignator=C48 NewDesignator=C20
Change Component Designator: OldDesignator=C49 NewDesignator=C16
Change Component Designator: OldDesignator=C62 NewDesignator=C24
Change Component Designator: OldDesignator=C63 NewDesignator=C22
Change Component Designator: OldDesignator=C64 NewDesignator=C23
Change Component Designator: OldDesignator=C65 NewDesignator=C21
Change Component Designator: OldDesignator=C66 NewDesignator=C27
Change Component Designator: OldDesignator=C67 NewDesignator=C25
Change Component Designator: OldDesignator=C68 NewDesignator=C26
Change Component Designator: OldDesignator=C69 NewDesignator=C30
Change Component Designator: OldDesignator=C70 NewDesignator=C31
Change Component Designator: OldDesignator=C71 NewDesignator=C32
Change Component Designator: OldDesignator=C72 NewDesignator=C34
Change Component Designator: OldDesignator=C73 NewDesignator=C36
Change Component Designator: OldDesignator=C74 NewDesignator=C41
Change Component Designator: OldDesignator=C75 NewDesignator=C43
Change Component Designator: OldDesignator=C76 NewDesignator=C45
Change Component Designator: OldDesignator=C77 NewDesignator=C28
Change Component Designator: OldDesignator=C78 NewDesignator=C33
Change Component Designator: OldDesignator=C79 NewDesignator=C35
Change Component Designator: OldDesignator=C80 NewDesignator=C37
Change Component Designator: OldDesignator=C81 NewDesignator=C40
Change Component Designator: OldDesignator=C82 NewDesignator=C42
Change Component Designator: OldDesignator=C83 NewDesignator=C44
Change Component Designator: OldDesignator=C84 NewDesignator=C29
Change Component Designator: OldDesignator=C85 NewDesignator=C38
Change Component Designator: OldDesignator=C86 NewDesignator=C47
Change Component Designator: OldDesignator=C87 NewDesignator=C39
Change Component Designator: OldDesignator=C88 NewDesignator=C46
Change Component Designator: OldDesignator=C89 NewDesignator=C49
Change Component Designator: OldDesignator=C90 NewDesignator=C48
Change Component Designator: OldDesignator=C92 NewDesignator=C51
Change Component Designator: OldDesignator=C93 NewDesignator=C50
Change Component Designator: OldDesignator=C95 NewDesignator=C56
Change Component Designator: OldDesignator=C96 NewDesignator=C57
Change Component Designator: OldDesignator=C97 NewDesignator=C58
Change Component Designator: OldDesignator=C98 NewDesignator=C59
Change Component Designator: OldDesignator=C99 NewDesignator=C60
Change Component Designator: OldDesignator=C100 NewDesignator=C61
Change Component Designator: OldDesignator=C101 NewDesignator=C62
Change Component Designator: OldDesignator=C102 NewDesignator=C63
Change Component Designator: OldDesignator=C103 NewDesignator=C64
Change Component Designator: OldDesignator=C104 NewDesignator=C65
Change Component Designator: OldDesignator=C105 NewDesignator=C66
Change Component Designator: OldDesignator=C106 NewDesignator=C67
Change Component Designator: OldDesignator=C107 NewDesignator=C68
Change Component Designator: OldDesignator=C108 NewDesignator=C69
Change Component Designator: OldDesignator=C109 NewDesignator=C70
Change Component Designator: OldDesignator=C110 NewDesignator=C71
Change Component Designator: OldDesignator=C111 NewDesignator=C72
Change Component Designator: OldDesignator=C112 NewDesignator=C73
Change Component Designator: OldDesignator=C113 NewDesignator=C74
Change Component Designator: OldDesignator=C117 NewDesignator=C75
Change Component Designator: OldDesignator=C118 NewDesignator=C76
Change Component Designator: OldDesignator=C119 NewDesignator=C78
Change Component Designator: OldDesignator=C120 NewDesignator=C77
Change Component Designator: OldDesignator=C123 NewDesignator=C79
Change Component Designator: OldDesignator=C124 NewDesignator=C80
Change Component Designator: OldDesignator=C143 NewDesignator=C82
Change Component Designator: OldDesignator=C144 NewDesignator=C83
Change Component Designator: OldDesignator=C145 NewDesignator=C84
Change Component Designator: OldDesignator=C146 NewDesignator=C85
Change Component Designator: OldDesignator=C147 NewDesignator=C86
Change Component Designator: OldDesignator=C148 NewDesignator=C87
Change Component Designator: OldDesignator=C149 NewDesignator=C88
Change Component Designator: OldDesignator=C150 NewDesignator=C89
Change Component Designator: OldDesignator=C151 NewDesignator=C90
Change Component Designator: OldDesignator=C152 NewDesignator=C92
Change Component Designator: OldDesignator=C153 NewDesignator=C91
Change Component Designator: OldDesignator=D3 NewDesignator=D6
Change Component Designator: OldDesignator=D4 NewDesignator=D7
Change Component Designator: OldDesignator=D5 NewDesignator=D13
Change Component Designator: OldDesignator=D6 NewDesignator=D14
Change Component Designator: OldDesignator=D11 NewDesignator=D1
Change Component Designator: OldDesignator=D13 NewDesignator=D2
Change Component Designator: OldDesignator=D14 NewDesignator=D4
Change Component Designator: OldDesignator=D15 NewDesignator=D3
Change Component Designator: OldDesignator=D16 NewDesignator=D5
Change Component Designator: OldDesignator=D17 NewDesignator=D8
Change Component Designator: OldDesignator=D18 NewDesignator=D9
Change Component Designator: OldDesignator=D19 NewDesignator=D10
Change Component Designator: OldDesignator=D20 NewDesignator=D11
Change Component Designator: OldDesignator=D25 NewDesignator=D12
Change Component Designator: OldDesignator=L11 NewDesignator=L1
Change Component Designator: OldDesignator=L12 NewDesignator=L2
Change Component Designator: OldDesignator=L16 NewDesignator=L3
Change Component Designator: OldDesignator=MX1 NewDesignator=MX2
Change Component Designator: OldDesignator=MX3 NewDesignator=MX1
Change Component Designator: OldDesignator=MX4 NewDesignator=MX3
Change Component Designator: OldDesignator=P2 NewDesignator=P1
Change Component Designator: OldDesignator=PH1 NewDesignator=PH9
Change Component Designator: OldDesignator=PH2 NewDesignator=PH1
Change Component Designator: OldDesignator=PH3 NewDesignator=PH2
Change Component Designator: OldDesignator=PH4 NewDesignator=PH3
Change Component Designator: OldDesignator=PH5 NewDesignator=PH4
Change Component Designator: OldDesignator=PH6 NewDesignator=PH13
Change Component Designator: OldDesignator=PH8 NewDesignator=PH14
Change Component Designator: OldDesignator=PH9 NewDesignator=PH5
Change Component Designator: OldDesignator=PH10 NewDesignator=PH8
Change Component Designator: OldDesignator=PH11 NewDesignator=PH15
Change Component Designator: OldDesignator=PH12 NewDesignator=PH6
Change Component Designator: OldDesignator=PH16 NewDesignator=PH10
Change Component Designator: OldDesignator=PH18 NewDesignator=PH11
Change Component Designator: OldDesignator=PH19 NewDesignator=PH12
Change Component Designator: OldDesignator=Q1 NewDesignator=Q7
Change Component Designator: OldDesignator=Q2 NewDesignator=Q6
Change Component Designator: OldDesignator=Q3 NewDesignator=Q9
Change Component Designator: OldDesignator=Q4 NewDesignator=Q1
Change Component Designator: OldDesignator=Q5 NewDesignator=Q2
Change Component Designator: OldDesignator=Q6 NewDesignator=Q3
Change Component Designator: OldDesignator=Q7 NewDesignator=Q11
Change Component Designator: OldDesignator=Q9 NewDesignator=Q4
Change Component Designator: OldDesignator=Q10 NewDesignator=Q5
Change Component Designator: OldDesignator=Q12 NewDesignator=Q10
Change Component Designator: OldDesignator=Q13 NewDesignator=Q12
Change Component Designator: OldDesignator=R3 NewDesignator=R9
Change Component Designator: OldDesignator=R4 NewDesignator=R10
Change Component Designator: OldDesignator=R5 NewDesignator=R11
Change Component Designator: OldDesignator=R6 NewDesignator=R4
Change Component Designator: OldDesignator=R7 NewDesignator=R64
Change Component Designator: OldDesignator=R8 NewDesignator=R66
Change Component Designator: OldDesignator=R9 NewDesignator=R6
Change Component Designator: OldDesignator=R10 NewDesignator=R7
Change Component Designator: OldDesignator=R11 NewDesignator=R8
Change Component Designator: OldDesignator=R12 NewDesignator=R16
Change Component Designator: OldDesignator=R13 NewDesignator=R17
Change Component Designator: OldDesignator=R14 NewDesignator=R67
Change Component Designator: OldDesignator=R15 NewDesignator=R68
Change Component Designator: OldDesignator=R16 NewDesignator=R14
Change Component Designator: OldDesignator=R17 NewDesignator=R15
Change Component Designator: OldDesignator=R18 NewDesignator=R62
Change Component Designator: OldDesignator=R19 NewDesignator=R3
Change Component Designator: OldDesignator=R20 NewDesignator=R5
Change Component Designator: OldDesignator=R21 NewDesignator=R12
Change Component Designator: OldDesignator=R22 NewDesignator=R13
Change Component Designator: OldDesignator=R23 NewDesignator=R63
Change Component Designator: OldDesignator=R24 NewDesignator=R87
Change Component Designator: OldDesignator=R25 NewDesignator=R65
Change Component Designator: OldDesignator=R26 NewDesignator=R86
Change Component Designator: OldDesignator=R31 NewDesignator=R18
Change Component Designator: OldDesignator=R34 NewDesignator=R19
Change Component Designator: OldDesignator=R35 NewDesignator=R21
Change Component Designator: OldDesignator=R36 NewDesignator=R69
Change Component Designator: OldDesignator=R37 NewDesignator=R20
Change Component Designator: OldDesignator=R38 NewDesignator=R70
Change Component Designator: OldDesignator=R39 NewDesignator=R22
Change Component Designator: OldDesignator=R40 NewDesignator=R23
Change Component Designator: OldDesignator=R41 NewDesignator=R24
Change Component Designator: OldDesignator=R42 NewDesignator=R84
Change Component Designator: OldDesignator=R43 NewDesignator=R25
Change Component Designator: OldDesignator=R44 NewDesignator=R26
Change Component Designator: OldDesignator=R45 NewDesignator=R28
Change Component Designator: OldDesignator=R46 NewDesignator=R85
Change Component Designator: OldDesignator=R47 NewDesignator=R27
Change Component Designator: OldDesignator=R49 NewDesignator=R88
Change Component Designator: OldDesignator=R50 NewDesignator=R29
Change Component Designator: OldDesignator=R51 NewDesignator=R115
Change Component Designator: OldDesignator=R52 NewDesignator=R30
Change Component Designator: OldDesignator=R53 NewDesignator=R40
Change Component Designator: OldDesignator=R54 NewDesignator=R116
Change Component Designator: OldDesignator=R55 NewDesignator=R41
Change Component Designator: OldDesignator=R56 NewDesignator=R117
Change Component Designator: OldDesignator=R57 NewDesignator=R42
Change Component Designator: OldDesignator=R58 NewDesignator=R118
Change Component Designator: OldDesignator=R59 NewDesignator=R44
Change Component Designator: OldDesignator=R60 NewDesignator=R119
Change Component Designator: OldDesignator=R61 NewDesignator=R47
Change Component Designator: OldDesignator=R62 NewDesignator=R120
Change Component Designator: OldDesignator=R63 NewDesignator=R121
Change Component Designator: OldDesignator=R64 NewDesignator=R46
Change Component Designator: OldDesignator=R68 NewDesignator=R49
Change Component Designator: OldDesignator=R70 NewDesignator=R51
Change Component Designator: OldDesignator=R71 NewDesignator=R31
Change Component Designator: OldDesignator=R72 NewDesignator=R52
Change Component Designator: OldDesignator=R73 NewDesignator=R32
Change Component Designator: OldDesignator=R74 NewDesignator=R36
Change Component Designator: OldDesignator=R75 NewDesignator=R53
Change Component Designator: OldDesignator=R76 NewDesignator=R33
Change Component Designator: OldDesignator=R77 NewDesignator=R54
Change Component Designator: OldDesignator=R78 NewDesignator=R56
Change Component Designator: OldDesignator=R79 NewDesignator=R34
Change Component Designator: OldDesignator=R80 NewDesignator=R55
Change Component Designator: OldDesignator=R81 NewDesignator=R35
Change Component Designator: OldDesignator=R82 NewDesignator=R57
Change Component Designator: OldDesignator=R83 NewDesignator=R37
Change Component Designator: OldDesignator=R89 NewDesignator=R38
Change Component Designator: OldDesignator=R90 NewDesignator=R50
Change Component Designator: OldDesignator=R91 NewDesignator=R45
Change Component Designator: OldDesignator=R98 NewDesignator=R58
Change Component Designator: OldDesignator=R99 NewDesignator=R60
Change Component Designator: OldDesignator=R100 NewDesignator=R59
Change Component Designator: OldDesignator=R101 NewDesignator=R61
Change Component Designator: OldDesignator=R104 NewDesignator=R71
Change Component Designator: OldDesignator=R105 NewDesignator=R72
Change Component Designator: OldDesignator=R107 NewDesignator=R73
Change Component Designator: OldDesignator=R108 NewDesignator=R74
Change Component Designator: OldDesignator=R109 NewDesignator=R75
Change Component Designator: OldDesignator=R110 NewDesignator=R76
Change Component Designator: OldDesignator=R113 NewDesignator=R77
Change Component Designator: OldDesignator=R114 NewDesignator=R78
Change Component Designator: OldDesignator=R115 NewDesignator=R79
Change Component Designator: OldDesignator=R116 NewDesignator=R80
Change Component Designator: OldDesignator=R117 NewDesignator=R81
Change Component Designator: OldDesignator=R118 NewDesignator=R82
Change Component Designator: OldDesignator=R119 NewDesignator=R83
Change Component Designator: OldDesignator=R122 NewDesignator=R89
Change Component Designator: OldDesignator=R124 NewDesignator=R48
Change Component Designator: OldDesignator=R125 NewDesignator=R91
Change Component Designator: OldDesignator=R126 NewDesignator=R90
Change Component Designator: OldDesignator=R149 NewDesignator=R93
Change Component Designator: OldDesignator=R150 NewDesignator=R94
Change Component Designator: OldDesignator=R151 NewDesignator=R95
Change Component Designator: OldDesignator=R152 NewDesignator=R96
Change Component Designator: OldDesignator=R153 NewDesignator=R97
Change Component Designator: OldDesignator=R154 NewDesignator=R98
Change Component Designator: OldDesignator=R155 NewDesignator=R99
Change Component Designator: OldDesignator=R156 NewDesignator=R100
Change Component Designator: OldDesignator=R157 NewDesignator=R101
Change Component Designator: OldDesignator=R158 NewDesignator=R102
Change Component Designator: OldDesignator=R159 NewDesignator=R103
Change Component Designator: OldDesignator=R160 NewDesignator=R104
Change Component Designator: OldDesignator=R161 NewDesignator=R105
Change Component Designator: OldDesignator=R162 NewDesignator=R106
Change Component Designator: OldDesignator=R163 NewDesignator=R107
Change Component Designator: OldDesignator=R164 NewDesignator=R108
Change Component Designator: OldDesignator=R165 NewDesignator=R109
Change Component Designator: OldDesignator=R166 NewDesignator=R110
Change Component Designator: OldDesignator=R167 NewDesignator=R111
Change Component Designator: OldDesignator=R168 NewDesignator=R112
Change Component Designator: OldDesignator=R169 NewDesignator=R113
Change Component Designator: OldDesignator=R170 NewDesignator=R114
Change Component Designator: OldDesignator=R195 NewDesignator=R92
Change Component Designator: OldDesignator=R220 NewDesignator=R39
Change Component Designator: OldDesignator=R223 NewDesignator=R43
Change Component Designator: OldDesignator=U3 NewDesignator=U16
Change Component Designator: OldDesignator=U4 NewDesignator=U19
Change Component Designator: OldDesignator=U5 NewDesignator=U21
Change Component Designator: OldDesignator=U6 NewDesignator=U22
Change Component Designator: OldDesignator=U7 NewDesignator=U23
Change Component Designator: OldDesignator=U15 NewDesignator=U2
Change Component Designator: OldDesignator=U17 NewDesignator=U3
Change Component Designator: OldDesignator=U19 NewDesignator=U4
Change Component Designator: OldDesignator=U20 NewDesignator=U6
Change Component Designator: OldDesignator=U23 NewDesignator=U7
Change Component Designator: OldDesignator=U24 NewDesignator=U5
Change Component Designator: OldDesignator=U28 NewDesignator=U9
Change Component Designator: OldDesignator=U29 NewDesignator=U10
Change Component Designator: OldDesignator=U30 NewDesignator=U11
Change Component Designator: OldDesignator=U31 NewDesignator=U12
Change Component Designator: OldDesignator=U32 NewDesignator=U8
Change Component Designator: OldDesignator=U33 NewDesignator=U13
Change Component Designator: OldDesignator=U35 NewDesignator=U15
Change Component Designator: OldDesignator=U36 NewDesignator=U14
Change Component Designator: OldDesignator=U38 NewDesignator=U17
Change Component Designator: OldDesignator=U40 NewDesignator=U18
Change Component Designator: OldDesignator=U47 NewDesignator=U20
Change Component Designator: OldDesignator=XH6 NewDesignator=XH4
Change Component Designator: OldDesignator=XH7 NewDesignator=XH2
Change Component Designator: OldDesignator=XH8 NewDesignator=XH3
Change Component Designator: OldDesignator=XH9 NewDesignator=XH5
Change Component Designator: OldDesignator=XH10 NewDesignator=XH6
Change Net Name : Old Net Name=NetC13_1 New Net Name=NetC94_1
Change Net Name : Old Net Name=NetC16_2 New Net Name=NetC1_2
Change Net Name : Old Net Name=NetC18_1 New Net Name=NetC2_1
Change Net Name : Old Net Name=NetC18_2 New Net Name=NetC2_2
Change Net Name : Old Net Name=NetC19_1 New Net Name=NetC98_1
Change Net Name : Old Net Name=NetC19_2 New Net Name=NetC98_2
Change Net Name : Old Net Name=NetC23_1 New Net Name=NetC100_1
Change Net Name : Old Net Name=NetC24_1 New Net Name=NetC101_1
Change Net Name : Old Net Name=NetC24_2 New Net Name=NetC101_2
Change Net Name : Old Net Name=NetC26_1 New Net Name=NetC6_1
Change Net Name : Old Net Name=NetC29_1 New Net Name=NetC102_1
Change Net Name : Old Net Name=NetC30_2 New Net Name=NetC9_2
Change Net Name : Old Net Name=NetC32_1 New Net Name=NetC10_1
Change Net Name : Old Net Name=NetC32_2 New Net Name=NetC10_2
Change Net Name : Old Net Name=NetC40_1 New Net Name=NetC14_1
Change Net Name : Old Net Name=NetC42_2 New Net Name=NetC17_2
Change Net Name : Old Net Name=NetC44_2 New Net Name=NetC18_2
Change Net Name : Old Net Name=NetC46_2 New Net Name=NetC19_2
Change Net Name : Old Net Name=NetC47_2 New Net Name=NetC15_2
Change Net Name : Old Net Name=NetC48_2 New Net Name=NetC20_2
Change Net Name : Old Net Name=NetC49_2 New Net Name=NetC16_2
Change Net Name : Old Net Name=NetC65_1 New Net Name=NetC21_1
Change Net Name : Old Net Name=NetC65_2 New Net Name=NetC21_2
Change Net Name : Old Net Name=NetC95_2 New Net Name=NetC56_2
Change Net Name : Old Net Name=NetC97_2 New Net Name=NetC58_2
Change Net Name : Old Net Name=NetC98_2 New Net Name=NetC59_2
Change Net Name : Old Net Name=NetC99_1 New Net Name=NetC60_1
Change Net Name : Old Net Name=NetC101_2 New Net Name=NetC62_2
Change Net Name : Old Net Name=NetC117_1 New Net Name=NetC75_1
Change Net Name : Old Net Name=NetC117_2 New Net Name=NetC75_2
Change Net Name : Old Net Name=NetC119_1 New Net Name=NetC78_1
Change Net Name : Old Net Name=NetC123_2 New Net Name=NetC79_2
Change Net Name : Old Net Name=NetC147_1 New Net Name=NetC86_1
Change Net Name : Old Net Name=NetC148_2 New Net Name=NetC87_2
Change Net Name : Old Net Name=NetC149_2 New Net Name=NetC88_2
Change Net Name : Old Net Name=NetC150_1 New Net Name=NetC89_1
Change Net Name : Old Net Name=NetC152_2 New Net Name=NetC92_2
Change Net Name : Old Net Name=NetC153_2 New Net Name=NetC91_2
Change Net Name : Old Net Name=NetD3_A New Net Name=NetD6_A
Change Net Name : Old Net Name=NetD3_K New Net Name=NetD6_K
Change Net Name : Old Net Name=NetD4_1 New Net Name=NetD7_1
Change Net Name : Old Net Name=NetD11_1 New Net Name=NetD1_1
Change Net Name : Old Net Name=NetD11_2 New Net Name=NetD1_2
Change Net Name : Old Net Name=NetD13_K New Net Name=NetD2_K
Change Net Name : Old Net Name=NetD15_K New Net Name=NetD3_K
Change Net Name : Old Net Name=NetD16_2 New Net Name=NetD5_2
Change Net Name : Old Net Name=NetD17_A New Net Name=NetD8_A
Change Net Name : Old Net Name=NetD18_1 New Net Name=NetD9_1
Change Net Name : Old Net Name=NetD19_A New Net Name=NetD10_A
Change Net Name : Old Net Name=NetD19_K New Net Name=NetD10_K
Change Net Name : Old Net Name=NetD20_1 New Net Name=NetD11_1
Change Net Name : Old Net Name=NetD25_A New Net Name=NetD12_A
Change Net Name : Old Net Name=NetPH11_2 New Net Name=NetPH15_2
Change Net Name : Old Net Name=NetPH11_3 New Net Name=NetPH15_3
Change Net Name : Old Net Name=NetPH18_1 New Net Name=NetPH11_1
Change Net Name : Old Net Name=NetPH18_2 New Net Name=NetPH11_2
Change Net Name : Old Net Name=NetQ1_1 New Net Name=NetQ7_1
Change Net Name : Old Net Name=NetQ2_2 New Net Name=NetQ6_2
Change Net Name : Old Net Name=NetQ2_3 New Net Name=NetQ6_3
Change Net Name : Old Net Name=NetQ3_1 New Net Name=NetQ9_1
Change Net Name : Old Net Name=NetQ4_2 New Net Name=NetQ1_2
Change Net Name : Old Net Name=NetQ4_3 New Net Name=NetQ1_3
Change Net Name : Old Net Name=NetQ5_2 New Net Name=NetQ2_2
Change Net Name : Old Net Name=NetQ5_3 New Net Name=NetQ2_3
Change Net Name : Old Net Name=NetQ6_2 New Net Name=NetQ3_2
Change Net Name : Old Net Name=NetQ6_3 New Net Name=NetQ3_3
Change Net Name : Old Net Name=NetQ7_2 New Net Name=NetQ11_2
Change Net Name : Old Net Name=NetQ7_3 New Net Name=NetQ11_3
Change Net Name : Old Net Name=NetQ9_2 New Net Name=NetQ4_2
Change Net Name : Old Net Name=NetQ9_3 New Net Name=NetQ4_3
Change Net Name : Old Net Name=NetQ10_2 New Net Name=NetQ5_2
Change Net Name : Old Net Name=NetQ10_3 New Net Name=NetQ5_3
Change Net Name : Old Net Name=NetQ13_1 New Net Name=NetQ12_1
Change Net Name : Old Net Name=NetR34_2 New Net Name=NetR19_2
Change Net Name : Old Net Name=NetR36_2 New Net Name=NetR69_2
Change Net Name : Old Net Name=NetR37_2 New Net Name=NetR20_2
Change Net Name : Old Net Name=NetR39_1 New Net Name=NetR22_1
Change Net Name : Old Net Name=NetR40_1 New Net Name=NetR23_1
Change Net Name : Old Net Name=NetR41_2 New Net Name=NetR24_2
Change Net Name : Old Net Name=NetR44_1 New Net Name=NetR26_1
Change Net Name : Old Net Name=NetR47_2 New Net Name=NetR27_2
Change Net Name : Old Net Name=NetR50_2 New Net Name=NetR29_2
Change Net Name : Old Net Name=NetR52_1 New Net Name=NetR30_1
Change Net Name : Old Net Name=NetR53_1 New Net Name=NetR40_1
Change Net Name : Old Net Name=NetR55_1 New Net Name=NetR41_1
Change Net Name : Old Net Name=NetR56_1 New Net Name=NetR117_1
Change Net Name : Old Net Name=NetR57_1 New Net Name=NetR42_1
Change Net Name : Old Net Name=NetR59_1 New Net Name=NetR44_1
Change Net Name : Old Net Name=NetR62_1 New Net Name=NetR120_1
Change Net Name : Old Net Name=NetR63_1 New Net Name=NetR121_1
Change Net Name : Old Net Name=NetR64_1 New Net Name=NetR46_1
Change Net Name : Old Net Name=NetR68_2 New Net Name=NetR49_2
Change Net Name : Old Net Name=NetR70_1 New Net Name=NetR51_1
Change Net Name : Old Net Name=NetR71_1 New Net Name=NetR31_1
Change Net Name : Old Net Name=NetR72_1 New Net Name=NetR52_1
Change Net Name : Old Net Name=NetR73_1 New Net Name=NetR32_1
Change Net Name : Old Net Name=NetR75_1 New Net Name=NetR53_1
Change Net Name : Old Net Name=NetR76_1 New Net Name=NetR33_1
Change Net Name : Old Net Name=NetR77_1 New Net Name=NetR54_1
Change Net Name : Old Net Name=NetR79_1 New Net Name=NetR34_1
Change Net Name : Old Net Name=NetR80_1 New Net Name=NetR55_1
Change Net Name : Old Net Name=NetR81_1 New Net Name=NetR35_1
Change Net Name : Old Net Name=NetR82_2 New Net Name=NetR57_2
Change Net Name : Old Net Name=NetR83_2 New Net Name=NetR37_2
Change Net Name : Old Net Name=NetR99_2 New Net Name=NetR60_2
Change Net Name : Old Net Name=NetR114_1 New Net Name=NetR78_1
Change Net Name : Old Net Name=NetR117_1 New Net Name=NetR81_1
Change Net Name : Old Net Name=NetR149_2 New Net Name=NetR93_2
Change Net Name : Old Net Name=NetR150_2 New Net Name=NetR94_2
Change Net Name : Old Net Name=NetR151_2 New Net Name=NetR95_2
Change Net Name : Old Net Name=NetR152_2 New Net Name=NetR96_2
Change Net Name : Old Net Name=NetR153_2 New Net Name=NetR97_2
Change Net Name : Old Net Name=NetR154_2 New Net Name=NetR98_2
Change Net Name : Old Net Name=NetR157_2 New Net Name=NetR101_2
Change Net Name : Old Net Name=NetR159_2 New Net Name=NetR103_2
Change Net Name : Old Net Name=NetR162_1 New Net Name=NetR106_1
Change Net Name : Old Net Name=NetR164_1 New Net Name=NetR108_1
Change Net Name : Old Net Name=NetR169_1 New Net Name=NetR113_1
Change Net Name : Old Net Name=NetU20_22 New Net Name=NetU6_22
Change Net Name : Old Net Name=NetU23_22 New Net Name=NetU7_22
Change Net Name : Old Net Name=NetU24_22 New Net Name=NetU5_22
Added Member To Class: ClassName=Power Member=Component D6 綻腑 0603
Added Member To Class: ClassName=Power Member=Component D7 SS54_5A/40V
Added Member To Class: ClassName=Motor Member=Component MX2 MX1.25-4P
Added Member To Class: ClassName=LED Member=Component R10 1.5k次
Added Member To Class: ClassName=LED Member=Component R11 1.5k次
Added Member To Class: ClassName=LED Member=Component R16 1.5k次
Added Member To Class: ClassName=LED Member=Component R17 1.5k次
