Removed Pin From Net: NetName=GND Pin=Q2-2
Removed Pin From Net: NetName=NetQ1_1 Pin=Q2-3
Removed Pin From Net: NetName=GND Pin=Q4-2
Removed Pin From Net: NetName=LED_Power Pin=Q4-3
Removed Pin From Net: NetName=GND Pin=Q5-2
Removed Pin From Net: NetName=LED_Extraction Pin=Q5-3
Removed Pin From Net: NetName=GND Pin=Q6-2
Removed Pin From Net: NetName=LED_End Pin=Q6-3
Removed Pin From Net: NetName=GND Pin=Q7-2
Removed Pin From Net: NetName=NetQ7_3 Pin=Q7-3
Removed Pin From Net: NetName=GND Pin=Q9-2
Removed Pin From Net: NetName=LED_Amplification Pin=Q9-3
Removed Pin From Net: NetName=GND Pin=Q10-2
Removed Pin From Net: NetName=LED_Error Pin=Q10-3
Removed Pin From Net: NetName=LED_Power Pin=R3-1
Removed Pin From Net: NetName=VCC_5V Pin=R3-2
Removed Pin From Net: NetName=LED_Extraction Pin=R4-1
Removed Pin From Net: NetName=VCC_5V Pin=R4-2
Removed Pin From Net: NetName=LED_End Pin=R5-1
Removed Pin From Net: NetName=VCC_5V Pin=R5-2
Removed Pin From Net: NetName=GND Pin=R6-1
Removed Pin From Net: NetName=GND Pin=R7-1
Removed Pin From Net: NetName=GND Pin=R8-1
Removed Pin From Net: NetName=LED_Power_PF12 Pin=R9-2
Removed Pin From Net: NetName=LED_Extraction_PF13 Pin=R10-2
Removed Pin From Net: NetName=LED_End_PE9 Pin=R11-2
Removed Pin From Net: NetName=LED_Amplification Pin=R12-1
Removed Pin From Net: NetName=VCC_5V Pin=R12-2
Removed Pin From Net: NetName=LED_Error Pin=R13-1
Removed Pin From Net: NetName=VCC_5V Pin=R13-2
Removed Pin From Net: NetName=GND Pin=R14-1
Removed Pin From Net: NetName=GND Pin=R15-1
Removed Pin From Net: NetName=LED_Amplification_PF14 Pin=R16-2
Removed Pin From Net: NetName=LED_Error_PF15 Pin=R17-2
Removed Pin From Net: NetName=LED_Power_PF12 Pin=R18-1
Removed Pin From Net: NetName=VCC_3V3 Pin=R18-2
Removed Pin From Net: NetName=LED_Extraction_PF13 Pin=R19-1
Removed Pin From Net: NetName=VCC_3V3 Pin=R19-2
Removed Pin From Net: NetName=LED_End_PE9 Pin=R20-1
Removed Pin From Net: NetName=VCC_3V3 Pin=R20-2
Removed Pin From Net: NetName=LED_Amplification_PF14 Pin=R21-1
Removed Pin From Net: NetName=VCC_3V3 Pin=R21-2
Removed Pin From Net: NetName=LED_Error_PF15 Pin=R22-1
Removed Pin From Net: NetName=VCC_3V3 Pin=R22-2
Removed Pin From Net: NetName=VOUT_24V Pin=R26-2
Removed Pin From Net: NetName=NetQ3_1 Pin=R28-2
Removed Pin From Net: NetName=GND Pin=R32-1
Removed Pin From Net: NetName=NetQ7_3 Pin=R48-1
Removed Pin From Net: NetName=VOUT Pin=R48-2
Removed Pin From Net: NetName=VCC_3V3 Pin=R49-1
Removed Pin From Net: NetName=TEMP1_PWM_1 Pin=R49-2
Removed Pin From Net: NetName=NetQ1_1 Pin=R90-1
Removed Pin From Net: NetName=VCC_5V Pin=R90-2
Removed Pin From Net: NetName=GND Pin=R92-1
Removed Pin From Net: NetName=NetQ7_3 Pin=R124-1
Removed Pin From Net: NetName=GND Pin=R125-1
Removed Pin From Net: NetName=NetQ7_3 Pin=R125-2
Removed Pin From Net: NetName=VCC_5V Pin=R195-1
Removed Pin From Net: NetName=NetQ7_3 Pin=R195-2
Removed Pin From Net: NetName=GND Pin=R196-1
Removed Pin From Net: NetName=FS Pin=R223-1
Removed Pin From Net: NetName=VCC_3V3 Pin=R223-2
Removed Pin From Net: NetName=LED_Power Pin=XH1-1
Removed Pin From Net: NetName=LED_Extraction Pin=XH1-2
Removed Pin From Net: NetName=LED_Amplification Pin=XH1-3
Removed Pin From Net: NetName=LED_Error Pin=XH1-4
Removed Pin From Net: NetName=LED_End Pin=XH1-5
Removed Pin From Net: NetName=GND Pin=XH1-6
Removed Member From Class: ClassName=LED Member=R7
Removed Member From Class: ClassName=LED Member=R8
Removed Member From Class: ClassName=LED Member=R14
Removed Member From Class: ClassName=LED Member=R15
Removed Member From Class: ClassName=LED Member=R18
Removed Member From Class: ClassName=Power Member=R26
Removed Member From Class: ClassName=Power Member=R28
Removed Member From Class: ClassName=Power Member=R32
Removed Member From Class: ClassName=Temp Member=R48
Removed Member From Class: ClassName=Motor Member=R92
Removed Member From Class: ClassName=Temp Member=R124
Removed Member From Class: ClassName=Temp Member=R125
Removed Member From Class: ClassName=Temp Member=R196
Added Component: Designator=Q2(SOT-23-3_L2.9-W1.3-P1.90-LS2.4-TR)
Add component. Clean all parameters for all variants
Add component (AddParameter): Name = "Add into BOM"; Value = "yes"; VariantName = "[No Variations]"
Add component (AddParameter): Name = "Collector - Emitter Voltage VCEO"; Value = "40V"; VariantName = "[No Variations]"
Add component (AddParameter): Name = "Convert to PCB"; Value = "yes"; VariantName = "[No Variations]"
Add component (AddParameter): Name = "Current - Collector(Ic)"; Value = "200mA"; VariantName = "[No Variations]"
Add component (AddParameter): Name = "Current - Collector Cutoff"; Value = "50nA"; VariantName = "[No Variations]"
Add component (AddParameter): Name = "Datasheet"; Value = "https://item.szlcsc.com/datasheet/2N3906S-RTK%252FPS/6051230.html"; VariantName = "[No Variations]"
Add component (AddParameter): Name = "DC Current Gain"; Value = "300@10mA,1V"; VariantName = "[No Variations]"
Add component (AddParameter): Name = "Device"; Value = "2N3906S-RTK/PS"; VariantName = "[No Variations]"
Add component (AddParameter): Name = "Emitter-Base Voltage(Vebo)"; Value = "5V"; VariantName = "[No Variations]"
Add component (AddParameter): Name = "JLCPCB Part Class"; Value = "Extended Part"; VariantName = "[No Variations]"
Add component (AddParameter): Name = "LCSC Part Name"; Value = "2N3906S-RTK/PS"; VariantName = "[No Variations]"
Add component (AddParameter): Name = "Manufacturer"; Value = "KEC"; VariantName = "[No Variations]"
Add component (AddParameter): Name = "Manufacturer Part"; Value = "2N3906S-RTK/PS"; VariantName = "[No Variations]"
Add component (AddParameter): Name = "Pd - Power Dissipation"; Value = "350mW"; VariantName = "[No Variations]"
Add component (AddParameter): Name = "Supplier"; Value = "LCSC"; VariantName = "[No Variations]"
Add component (AddParameter): Name = "Supplier Footprint"; Value = "SOT-23"; VariantName = "[No Variations]"
Add component (AddParameter): Name = "Supplier Part"; Value = "C5300004"; VariantName = "[No Variations]"
Add component (AddParameter): Name = "Symbol"; Value = "2N3906S-RTK/PS_C5300004"; VariantName = "[No Variations]"
Add component (AddParameter): Name = "Transition frequency(fT)"; Value = "250MHz"; VariantName = "[No Variations]"
Add component (AddParameter): Name = "Vce Saturation(VCE(sat))"; Value = "400mV@50mA,5mA"; VariantName = "[No Variations]"
Added Component: Designator=Q4(SOT-23-3_L2.9-W1.3-P1.90-LS2.4-TR)
Add component. Clean all parameters for all variants
Add component (AddParameter): Name = "Add into BOM"; Value = "yes"; VariantName = "[No Variations]"
Add component (AddParameter): Name = "Collector - Emitter Voltage VCEO"; Value = "40V"; VariantName = "[No Variations]"
Add component (AddParameter): Name = "Convert to PCB"; Value = "yes"; VariantName = "[No Variations]"
Add component (AddParameter): Name = "Current - Collector(Ic)"; Value = "200mA"; VariantName = "[No Variations]"
Add component (AddParameter): Name = "Current - Collector Cutoff"; Value = "50nA"; VariantName = "[No Variations]"
Add component (AddParameter): Name = "Datasheet"; Value = "https://item.szlcsc.com/datasheet/2N3906S-RTK%252FPS/6051230.html"; VariantName = "[No Variations]"
Add component (AddParameter): Name = "DC Current Gain"; Value = "300@10mA,1V"; VariantName = "[No Variations]"
Add component (AddParameter): Name = "Device"; Value = "2N3906S-RTK/PS"; VariantName = "[No Variations]"
Add component (AddParameter): Name = "Emitter-Base Voltage(Vebo)"; Value = "5V"; VariantName = "[No Variations]"
Add component (AddParameter): Name = "JLCPCB Part Class"; Value = "Extended Part"; VariantName = "[No Variations]"
Add component (AddParameter): Name = "LCSC Part Name"; Value = "2N3906S-RTK/PS"; VariantName = "[No Variations]"
Add component (AddParameter): Name = "Manufacturer"; Value = "KEC"; VariantName = "[No Variations]"
Add component (AddParameter): Name = "Manufacturer Part"; Value = "2N3906S-RTK/PS"; VariantName = "[No Variations]"
Add component (AddParameter): Name = "Pd - Power Dissipation"; Value = "350mW"; VariantName = "[No Variations]"
Add component (AddParameter): Name = "Supplier"; Value = "LCSC"; VariantName = "[No Variations]"
Add component (AddParameter): Name = "Supplier Footprint"; Value = "SOT-23"; VariantName = "[No Variations]"
Add component (AddParameter): Name = "Supplier Part"; Value = "C5300004"; VariantName = "[No Variations]"
Add component (AddParameter): Name = "Symbol"; Value = "2N3906S-RTK/PS_C5300004"; VariantName = "[No Variations]"
Add component (AddParameter): Name = "Transition frequency(fT)"; Value = "250MHz"; VariantName = "[No Variations]"
Add component (AddParameter): Name = "Vce Saturation(VCE(sat))"; Value = "400mV@50mA,5mA"; VariantName = "[No Variations]"
Added Component: Designator=Q5(SOT-23-3_L2.9-W1.3-P1.90-LS2.4-TR)
Add component. Clean all parameters for all variants
Add component (AddParameter): Name = "Add into BOM"; Value = "yes"; VariantName = "[No Variations]"
Add component (AddParameter): Name = "Collector - Emitter Voltage VCEO"; Value = "40V"; VariantName = "[No Variations]"
Add component (AddParameter): Name = "Convert to PCB"; Value = "yes"; VariantName = "[No Variations]"
Add component (AddParameter): Name = "Current - Collector(Ic)"; Value = "200mA"; VariantName = "[No Variations]"
Add component (AddParameter): Name = "Current - Collector Cutoff"; Value = "50nA"; VariantName = "[No Variations]"
Add component (AddParameter): Name = "Datasheet"; Value = "https://item.szlcsc.com/datasheet/2N3906S-RTK%252FPS/6051230.html"; VariantName = "[No Variations]"
Add component (AddParameter): Name = "DC Current Gain"; Value = "300@10mA,1V"; VariantName = "[No Variations]"
Add component (AddParameter): Name = "Device"; Value = "2N3906S-RTK/PS"; VariantName = "[No Variations]"
Add component (AddParameter): Name = "Emitter-Base Voltage(Vebo)"; Value = "5V"; VariantName = "[No Variations]"
Add component (AddParameter): Name = "JLCPCB Part Class"; Value = "Extended Part"; VariantName = "[No Variations]"
Add component (AddParameter): Name = "LCSC Part Name"; Value = "2N3906S-RTK/PS"; VariantName = "[No Variations]"
Add component (AddParameter): Name = "Manufacturer"; Value = "KEC"; VariantName = "[No Variations]"
Add component (AddParameter): Name = "Manufacturer Part"; Value = "2N3906S-RTK/PS"; VariantName = "[No Variations]"
Add component (AddParameter): Name = "Pd - Power Dissipation"; Value = "350mW"; VariantName = "[No Variations]"
Add component (AddParameter): Name = "Supplier"; Value = "LCSC"; VariantName = "[No Variations]"
Add component (AddParameter): Name = "Supplier Footprint"; Value = "SOT-23"; VariantName = "[No Variations]"
Add component (AddParameter): Name = "Supplier Part"; Value = "C5300004"; VariantName = "[No Variations]"
Add component (AddParameter): Name = "Symbol"; Value = "2N3906S-RTK/PS_C5300004"; VariantName = "[No Variations]"
Add component (AddParameter): Name = "Transition frequency(fT)"; Value = "250MHz"; VariantName = "[No Variations]"
Add component (AddParameter): Name = "Vce Saturation(VCE(sat))"; Value = "400mV@50mA,5mA"; VariantName = "[No Variations]"
Added Component: Designator=Q6(SOT-23-3_L2.9-W1.3-P1.90-LS2.4-TR)
Add component. Clean all parameters for all variants
Add component (AddParameter): Name = "Add into BOM"; Value = "yes"; VariantName = "[No Variations]"
Add component (AddParameter): Name = "Collector - Emitter Voltage VCEO"; Value = "40V"; VariantName = "[No Variations]"
Add component (AddParameter): Name = "Convert to PCB"; Value = "yes"; VariantName = "[No Variations]"
Add component (AddParameter): Name = "Current - Collector(Ic)"; Value = "200mA"; VariantName = "[No Variations]"
Add component (AddParameter): Name = "Current - Collector Cutoff"; Value = "50nA"; VariantName = "[No Variations]"
Add component (AddParameter): Name = "Datasheet"; Value = "https://item.szlcsc.com/datasheet/2N3906S-RTK%252FPS/6051230.html"; VariantName = "[No Variations]"
Add component (AddParameter): Name = "DC Current Gain"; Value = "300@10mA,1V"; VariantName = "[No Variations]"
Add component (AddParameter): Name = "Device"; Value = "2N3906S-RTK/PS"; VariantName = "[No Variations]"
Add component (AddParameter): Name = "Emitter-Base Voltage(Vebo)"; Value = "5V"; VariantName = "[No Variations]"
Add component (AddParameter): Name = "JLCPCB Part Class"; Value = "Extended Part"; VariantName = "[No Variations]"
Add component (AddParameter): Name = "LCSC Part Name"; Value = "2N3906S-RTK/PS"; VariantName = "[No Variations]"
Add component (AddParameter): Name = "Manufacturer"; Value = "KEC"; VariantName = "[No Variations]"
Add component (AddParameter): Name = "Manufacturer Part"; Value = "2N3906S-RTK/PS"; VariantName = "[No Variations]"
Add component (AddParameter): Name = "Pd - Power Dissipation"; Value = "350mW"; VariantName = "[No Variations]"
Add component (AddParameter): Name = "Supplier"; Value = "LCSC"; VariantName = "[No Variations]"
Add component (AddParameter): Name = "Supplier Footprint"; Value = "SOT-23"; VariantName = "[No Variations]"
Add component (AddParameter): Name = "Supplier Part"; Value = "C5300004"; VariantName = "[No Variations]"
Add component (AddParameter): Name = "Symbol"; Value = "2N3906S-RTK/PS_C5300004"; VariantName = "[No Variations]"
Add component (AddParameter): Name = "Transition frequency(fT)"; Value = "250MHz"; VariantName = "[No Variations]"
Add component (AddParameter): Name = "Vce Saturation(VCE(sat))"; Value = "400mV@50mA,5mA"; VariantName = "[No Variations]"
Added Component: Designator=Q7(SOT-23-3_L2.9-W1.3-P1.90-LS2.4-TR)
Add component. Clean all parameters for all variants
Add component (AddParameter): Name = "Add into BOM"; Value = "yes"; VariantName = "[No Variations]"
Add component (AddParameter): Name = "Collector - Emitter Voltage VCEO"; Value = "40V"; VariantName = "[No Variations]"
Add component (AddParameter): Name = "Convert to PCB"; Value = "yes"; VariantName = "[No Variations]"
Add component (AddParameter): Name = "Current - Collector(Ic)"; Value = "200mA"; VariantName = "[No Variations]"
Add component (AddParameter): Name = "Current - Collector Cutoff"; Value = "50nA"; VariantName = "[No Variations]"
Add component (AddParameter): Name = "Datasheet"; Value = "https://item.szlcsc.com/datasheet/2N3906S-RTK%252FPS/6051230.html"; VariantName = "[No Variations]"
Add component (AddParameter): Name = "DC Current Gain"; Value = "300@10mA,1V"; VariantName = "[No Variations]"
Add component (AddParameter): Name = "Device"; Value = "2N3906S-RTK/PS"; VariantName = "[No Variations]"
Add component (AddParameter): Name = "Emitter-Base Voltage(Vebo)"; Value = "5V"; VariantName = "[No Variations]"
Add component (AddParameter): Name = "JLCPCB Part Class"; Value = "Extended Part"; VariantName = "[No Variations]"
Add component (AddParameter): Name = "LCSC Part Name"; Value = "2N3906S-RTK/PS"; VariantName = "[No Variations]"
Add component (AddParameter): Name = "Manufacturer"; Value = "KEC"; VariantName = "[No Variations]"
Add component (AddParameter): Name = "Manufacturer Part"; Value = "2N3906S-RTK/PS"; VariantName = "[No Variations]"
Add component (AddParameter): Name = "Pd - Power Dissipation"; Value = "350mW"; VariantName = "[No Variations]"
Add component (AddParameter): Name = "Supplier"; Value = "LCSC"; VariantName = "[No Variations]"
Add component (AddParameter): Name = "Supplier Footprint"; Value = "SOT-23"; VariantName = "[No Variations]"
Add component (AddParameter): Name = "Supplier Part"; Value = "C5300004"; VariantName = "[No Variations]"
Add component (AddParameter): Name = "Symbol"; Value = "2N3906S-RTK/PS_C5300004"; VariantName = "[No Variations]"
Add component (AddParameter): Name = "Transition frequency(fT)"; Value = "250MHz"; VariantName = "[No Variations]"
Add component (AddParameter): Name = "Vce Saturation(VCE(sat))"; Value = "400mV@50mA,5mA"; VariantName = "[No Variations]"
Added Component: Designator=Q9(SOT-23-3_L2.9-W1.3-P1.90-LS2.4-TR)
Add component. Clean all parameters for all variants
Add component (AddParameter): Name = "Add into BOM"; Value = "yes"; VariantName = "[No Variations]"
Add component (AddParameter): Name = "Collector - Emitter Voltage VCEO"; Value = "40V"; VariantName = "[No Variations]"
Add component (AddParameter): Name = "Convert to PCB"; Value = "yes"; VariantName = "[No Variations]"
Add component (AddParameter): Name = "Current - Collector(Ic)"; Value = "200mA"; VariantName = "[No Variations]"
Add component (AddParameter): Name = "Current - Collector Cutoff"; Value = "50nA"; VariantName = "[No Variations]"
Add component (AddParameter): Name = "Datasheet"; Value = "https://item.szlcsc.com/datasheet/2N3906S-RTK%252FPS/6051230.html"; VariantName = "[No Variations]"
Add component (AddParameter): Name = "DC Current Gain"; Value = "300@10mA,1V"; VariantName = "[No Variations]"
Add component (AddParameter): Name = "Device"; Value = "2N3906S-RTK/PS"; VariantName = "[No Variations]"
Add component (AddParameter): Name = "Emitter-Base Voltage(Vebo)"; Value = "5V"; VariantName = "[No Variations]"
Add component (AddParameter): Name = "JLCPCB Part Class"; Value = "Extended Part"; VariantName = "[No Variations]"
Add component (AddParameter): Name = "LCSC Part Name"; Value = "2N3906S-RTK/PS"; VariantName = "[No Variations]"
Add component (AddParameter): Name = "Manufacturer"; Value = "KEC"; VariantName = "[No Variations]"
Add component (AddParameter): Name = "Manufacturer Part"; Value = "2N3906S-RTK/PS"; VariantName = "[No Variations]"
Add component (AddParameter): Name = "Pd - Power Dissipation"; Value = "350mW"; VariantName = "[No Variations]"
Add component (AddParameter): Name = "Supplier"; Value = "LCSC"; VariantName = "[No Variations]"
Add component (AddParameter): Name = "Supplier Footprint"; Value = "SOT-23"; VariantName = "[No Variations]"
Add component (AddParameter): Name = "Supplier Part"; Value = "C5300004"; VariantName = "[No Variations]"
Add component (AddParameter): Name = "Symbol"; Value = "2N3906S-RTK/PS_C5300004"; VariantName = "[No Variations]"
Add component (AddParameter): Name = "Transition frequency(fT)"; Value = "250MHz"; VariantName = "[No Variations]"
Add component (AddParameter): Name = "Vce Saturation(VCE(sat))"; Value = "400mV@50mA,5mA"; VariantName = "[No Variations]"
Added Component: Designator=Q10(SOT-23-3_L2.9-W1.3-P1.90-LS2.4-TR)
Add component. Clean all parameters for all variants
Add component (AddParameter): Name = "Add into BOM"; Value = "yes"; VariantName = "[No Variations]"
Add component (AddParameter): Name = "Collector - Emitter Voltage VCEO"; Value = "40V"; VariantName = "[No Variations]"
Add component (AddParameter): Name = "Convert to PCB"; Value = "yes"; VariantName = "[No Variations]"
Add component (AddParameter): Name = "Current - Collector(Ic)"; Value = "200mA"; VariantName = "[No Variations]"
Add component (AddParameter): Name = "Current - Collector Cutoff"; Value = "50nA"; VariantName = "[No Variations]"
Add component (AddParameter): Name = "Datasheet"; Value = "https://item.szlcsc.com/datasheet/2N3906S-RTK%252FPS/6051230.html"; VariantName = "[No Variations]"
Add component (AddParameter): Name = "DC Current Gain"; Value = "300@10mA,1V"; VariantName = "[No Variations]"
Add component (AddParameter): Name = "Device"; Value = "2N3906S-RTK/PS"; VariantName = "[No Variations]"
Add component (AddParameter): Name = "Emitter-Base Voltage(Vebo)"; Value = "5V"; VariantName = "[No Variations]"
Add component (AddParameter): Name = "JLCPCB Part Class"; Value = "Extended Part"; VariantName = "[No Variations]"
Add component (AddParameter): Name = "LCSC Part Name"; Value = "2N3906S-RTK/PS"; VariantName = "[No Variations]"
Add component (AddParameter): Name = "Manufacturer"; Value = "KEC"; VariantName = "[No Variations]"
Add component (AddParameter): Name = "Manufacturer Part"; Value = "2N3906S-RTK/PS"; VariantName = "[No Variations]"
Add component (AddParameter): Name = "Pd - Power Dissipation"; Value = "350mW"; VariantName = "[No Variations]"
Add component (AddParameter): Name = "Supplier"; Value = "LCSC"; VariantName = "[No Variations]"
Add component (AddParameter): Name = "Supplier Footprint"; Value = "SOT-23"; VariantName = "[No Variations]"
Add component (AddParameter): Name = "Supplier Part"; Value = "C5300004"; VariantName = "[No Variations]"
Add component (AddParameter): Name = "Symbol"; Value = "2N3906S-RTK/PS_C5300004"; VariantName = "[No Variations]"
Add component (AddParameter): Name = "Transition frequency(fT)"; Value = "250MHz"; VariantName = "[No Variations]"
Add component (AddParameter): Name = "Vce Saturation(VCE(sat))"; Value = "400mV@50mA,5mA"; VariantName = "[No Variations]"
Added Component: Designator=R3(R0603)
Add component. Clean all parameters for all variants
Added Component: Designator=R4(R0603)
Add component. Clean all parameters for all variants
Added Component: Designator=R5(R0603)
Add component. Clean all parameters for all variants
Added Component: Designator=R6(R0603)
Add component. Clean all parameters for all variants
Added Component: Designator=R9(R0603)
Add component. Clean all parameters for all variants
Added Component: Designator=R10(R0603)
Add component. Clean all parameters for all variants
Added Component: Designator=R11(R0603)
Add component. Clean all parameters for all variants
Added Component: Designator=R12(R0603)
Add component. Clean all parameters for all variants
Added Component: Designator=R13(R0603)
Add component. Clean all parameters for all variants
Added Component: Designator=R16(R0603)
Add component. Clean all parameters for all variants
Added Component: Designator=R17(R0603)
Add component. Clean all parameters for all variants
Added Component: Designator=R19(R0603)
Add component. Clean all parameters for all variants
Added Component: Designator=R20(R0603)
Add component. Clean all parameters for all variants
Added Component: Designator=R21(R0603)
Add component. Clean all parameters for all variants
Added Component: Designator=R22(R0603)
Add component. Clean all parameters for all variants
Added Component: Designator=XH1(CONN-TH_6P-P2.00_S6B-PH-K-S-LF-SN)
Add component. Clean all parameters for all variants
Added Pin To Net: NetName=VCC_5V Pin=Q2-1
Added Pin To Net: NetName=NetQ1_1 Pin=Q2-3
Added Pin To Net: NetName=VCC_5V Pin=Q4-1
Added Pin To Net: NetName=VCC_5V Pin=Q5-1
Added Pin To Net: NetName=VCC_5V Pin=Q6-1
Added Pin To Net: NetName=VCC_5V Pin=Q7-1
Added Pin To Net: NetName=NetQ7_3 Pin=Q7-3
Added Pin To Net: NetName=NetQ3_1 Pin=Q8-3
Added Pin To Net: NetName=VCC_5V Pin=Q9-1
Added Pin To Net: NetName=VCC_5V Pin=Q10-1
Added Pin To Net: NetName=NetQ7_3 Pin=Q13-1
Added Pin To Net: NetName=LED_Power Pin=R3-2
Added Pin To Net: NetName=LED_Extraction Pin=R4-1
Added Pin To Net: NetName=LED_End Pin=R5-1
Added Pin To Net: NetName=VCC_5V Pin=R6-2
Added Pin To Net: NetName=LED_Power_PF12 Pin=R9-2
Added Pin To Net: NetName=LED_Extraction_PF13 Pin=R10-2
Added Pin To Net: NetName=LED_End_PE9 Pin=R11-2
Added Pin To Net: NetName=LED_Amplification Pin=R12-1
Added Pin To Net: NetName=LED_Error Pin=R13-1
Added Pin To Net: NetName=LED_Amplification_PF14 Pin=R16-2
Added Pin To Net: NetName=LED_Error_PF15 Pin=R17-2
Added Pin To Net: NetName=VCC_5V Pin=R19-2
Added Pin To Net: NetName=VCC_5V Pin=R20-2
Added Pin To Net: NetName=VCC_5V Pin=R21-2
Added Pin To Net: NetName=VCC_5V Pin=R22-2
Added Pin To Net: NetName=NetQ3_1 Pin=R27-2
Added Pin To Net: NetName=VCC_5V Pin=R49-1
Added Pin To Net: NetName=GND Pin=R90-1
Added Pin To Net: NetName=NetQ1_1 Pin=R90-2
Added Pin To Net: NetName=NetQ7_3 Pin=R195-1
Added Pin To Net: NetName=GND Pin=R195-2
Added Pin To Net: NetName=VCC_5V Pin=R223-2
Added Pin To Net: NetName=LED_Power Pin=XH1-1
Added Pin To Net: NetName=LED_Extraction Pin=XH1-2
Added Pin To Net: NetName=LED_Amplification Pin=XH1-3
Added Pin To Net: NetName=LED_Error Pin=XH1-4
Added Pin To Net: NetName=LED_End Pin=XH1-5
Added Pin To Net: NetName=GND Pin=XH1-6
Added Pin To Net: NetName=NetQ2_2 Pin=Q2-2
Added Pin To Net: NetName=NetQ2_2 Pin=R91-1
Added Pin To Net: NetName=NetQ2_2 Pin=R223-1
Added Net: Name=NetQ2_2
Added Pin To Net: NetName=NetQ4_2 Pin=Q4-2
Added Pin To Net: NetName=NetQ4_2 Pin=R6-1
Added Pin To Net: NetName=NetQ4_2 Pin=R9-1
Added Net: Name=NetQ4_2
Added Pin To Net: NetName=NetQ4_3 Pin=Q4-3
Added Pin To Net: NetName=NetQ4_3 Pin=R3-1
Added Net: Name=NetQ4_3
Added Pin To Net: NetName=NetQ5_2 Pin=Q5-2
Added Pin To Net: NetName=NetQ5_2 Pin=R10-1
Added Pin To Net: NetName=NetQ5_2 Pin=R19-1
Added Net: Name=NetQ5_2
Added Pin To Net: NetName=NetQ5_3 Pin=Q5-3
Added Pin To Net: NetName=NetQ5_3 Pin=R4-2
Added Net: Name=NetQ5_3
Added Pin To Net: NetName=NetQ6_2 Pin=Q6-2
Added Pin To Net: NetName=NetQ6_2 Pin=R11-1
Added Pin To Net: NetName=NetQ6_2 Pin=R20-1
Added Net: Name=NetQ6_2
Added Pin To Net: NetName=NetQ6_3 Pin=Q6-3
Added Pin To Net: NetName=NetQ6_3 Pin=R5-2
Added Net: Name=NetQ6_3
Added Pin To Net: NetName=NetQ7_2 Pin=Q7-2
Added Pin To Net: NetName=NetQ7_2 Pin=R49-2
Added Pin To Net: NetName=NetQ7_2 Pin=R123-2
Added Net: Name=NetQ7_2
Added Pin To Net: NetName=NetQ9_2 Pin=Q9-2
Added Pin To Net: NetName=NetQ9_2 Pin=R16-1
Added Pin To Net: NetName=NetQ9_2 Pin=R21-1
Added Net: Name=NetQ9_2
Added Pin To Net: NetName=NetQ9_3 Pin=Q9-3
Added Pin To Net: NetName=NetQ9_3 Pin=R12-2
Added Net: Name=NetQ9_3
Added Pin To Net: NetName=NetQ10_2 Pin=Q10-2
Added Pin To Net: NetName=NetQ10_2 Pin=R17-1
Added Pin To Net: NetName=NetQ10_2 Pin=R22-1
Added Net: Name=NetQ10_2
Added Pin To Net: NetName=NetQ10_3 Pin=Q10-3
Added Pin To Net: NetName=NetQ10_3 Pin=R13-2
Added Net: Name=NetQ10_3
