Change Component Designator: Old Designator=C7 New Designator=C52
Change Component Designator: Old Designator=C8 New Designator=C53
Change Component Designator: Old Designator=C9 New Designator=C54
Change Component Designator: Old Designator=C10 New Designator=C55
Change Component Designator: Old Designator=C62 New Designator=C24
Change Component Designator: Old Designator=C63 New Designator=C22
Change Component Designator: Old Designator=C64 New Designator=C23
Change Component Designator: Old Designator=C65 New Designator=C21
Change Component Designator: Old Designator=C66 New Designator=C27
Change Component Designator: Old Designator=C67 New Designator=C25
Change Component Designator: Old Designator=C68 New Designator=C26
Change Component Designator: Old Designator=C69 New Designator=C30
Change Component Designator: Old Designator=C70 New Designator=C31
Change Component Designator: Old Designator=C71 New Designator=C32
Change Component Designator: Old Designator=C72 New Designator=C34
Change Component Designator: Old Designator=C73 New Designator=C36
Change Component Designator: Old Designator=C74 New Designator=C41
Change Component Designator: Old Designator=C75 New Designator=C43
Change Component Designator: Old Designator=C76 New Designator=C45
Change Component Designator: Old Designator=C77 New Designator=C28
Change Component Designator: Old Designator=C78 New Designator=C33
Change Component Designator: Old Designator=C79 New Designator=C35
Change Component Designator: Old Designator=C80 New Designator=C37
Change Component Designator: Old Designator=C81 New Designator=C40
Change Component Designator: Old Designator=C82 New Designator=C42
Change Component Designator: Old Designator=C83 New Designator=C44
Change Component Designator: Old Designator=C84 New Designator=C29
Change Component Designator: Old Designator=C85 New Designator=C38
Change Component Designator: Old Designator=C86 New Designator=C47
Change Component Designator: Old Designator=C87 New Designator=C39
Change Component Designator: Old Designator=C88 New Designator=C46
Change Component Designator: Old Designator=C89 New Designator=C49
Change Component Designator: Old Designator=C90 New Designator=C48
Change Component Designator: Old Designator=C92 New Designator=C51
Change Component Designator: Old Designator=C93 New Designator=C50
Change Component Designator: Old Designator=D3 New Designator=D6
Change Component Designator: Old Designator=D4 New Designator=D7
Change Component Designator: Old Designator=D13 New Designator=D2
Change Component Designator: Old Designator=D14 New Designator=D4
Change Component Designator: Old Designator=D15 New Designator=D3
Change Component Designator: Old Designator=D16 New Designator=D5
Change Component Designator: Old Designator=L11 New Designator=L1
Change Component Designator: Old Designator=L12 New Designator=L2
Change Component Designator: Old Designator=P2 New Designator=P1
Change Component Designator: Old Designator=PH1 New Designator=PH9
Change Component Designator: Old Designator=Q3 New Designator=Q9
Change Component Designator: Old Designator=R7 New Designator=R64
Change Component Designator: Old Designator=R8 New Designator=R66
Change Component Designator: Old Designator=R14 New Designator=R67
Change Component Designator: Old Designator=R15 New Designator=R68
Change Component Designator: Old Designator=R18 New Designator=R62
Change Component Designator: Old Designator=R23 New Designator=R63
Change Component Designator: Old Designator=R25 New Designator=R65
Change Component Designator: Old Designator=R36 New Designator=R69
Change Component Designator: Old Designator=R38 New Designator=R70
Change Component Designator: Old Designator=R98 New Designator=R58
Change Component Designator: Old Designator=R99 New Designator=R60
Change Component Designator: Old Designator=R100 New Designator=R59
Change Component Designator: Old Designator=R101 New Designator=R61
Change Component Designator: Old Designator=U3 New Designator=U16
Change Component Designator: Old Designator=U28 New Designator=U9
Change Component Designator: Old Designator=U29 New Designator=U10
Change Component Designator: Old Designator=U30 New Designator=U11
Change Component Designator: Old Designator=U31 New Designator=U12
Change Component Designator: Old Designator=U32 New Designator=U8
Change Component Designator: Old Designator=U33 New Designator=U13
Change Component Designator: Old Designator=U35 New Designator=U15
Change Component Designator: Old Designator=U36 New Designator=U14
Change Component Designator: Old Designator=XH6 New Designator=XH4
Change Component Designator: Old Designator=XH7 New Designator=XH2
Change Component Designator: Old Designator=XH8 New Designator=XH3
Change Component Designator: Old Designator=XH9 New Designator=XH5
