Change Component Designator: Old Designator=C95 New Designator=C56
Change Component Designator: Old Designator=C96 New Designator=C57
Change Component Designator: Old Designator=C97 New Designator=C58
Change Component Designator: Old Designator=C98 New Designator=C59
Change Component Designator: Old Designator=C99 New Designator=C60
Change Component Designator: Old Designator=C100 New Designator=C61
Change Component Designator: Old Designator=C101 New Designator=C62
Change Component Designator: Old Designator=C102 New Designator=C63
Change Component Designator: Old Designator=C103 New Designator=C64
Change Component Designator: Old Designator=C104 New Designator=C65
Change Component Designator: Old Designator=C105 New Designator=C66
Change Component Designator: Old Designator=C106 New Designator=C67
Change Component Designator: Old Designator=C107 New Designator=C68
Change Component Designator: Old Designator=C108 New Designator=C69
Change Component Designator: Old Designator=C109 New Designator=C70
Change Component Designator: Old Designator=C110 New Designator=C71
Change Component Designator: Old Designator=C111 New Designator=C72
Change Component Designator: Old Designator=C112 New Designator=C73
Change Component Designator: Old Designator=C113 New Designator=C74
Change Component Designator: Old Designator=D17 New Designator=D8
Change Component Designator: Old Designator=D18 New Designator=D9
Change Component Designator: Old Designator=PH16 New Designator=PH10
Change Component Designator: Old Designator=Q12 New Designator=Q10
Change Component Designator: Old Designator=R104 New Designator=R71
Change Component Designator: Old Designator=R105 New Designator=R72
Change Component Designator: Old Designator=R107 New Designator=R73
Change Component Designator: Old Designator=R108 New Designator=R74
Change Component Designator: Old Designator=R109 New Designator=R75
Change Component Designator: Old Designator=R110 New Designator=R76
Change Component Designator: Old Designator=U38 New Designator=U17
Change Component Designator: Old Designator=XH10 New Designator=XH6
