Change Component Designator: Old Designator=C11 New Designator=C81
Change Component Designator: Old Designator=C117 New Designator=C75
Change Component Designator: Old Designator=C118 New Designator=C76
Change Component Designator: Old Designator=C119 New Designator=C78
Change Component Designator: Old Designator=C120 New Designator=C77
Change Component Designator: Old Designator=C123 New Designator=C79
Change Component Designator: Old Designator=C124 New Designator=C80
Change Component Designator: Old Designator=D19 New Designator=D10
Change Component Designator: Old Designator=D20 New Designator=D11
Change Component Designator: Old Designator=PH18 New Designator=PH11
Change Component Designator: Old Designator=PH19 New Designator=PH12
Change Component Designator: Old Designator=Q7 New Designator=Q11
Change Component Designator: Old Designator=Q13 New Designator=Q12
Change Component Designator: Old Designator=R24 New Designator=R87
Change Component Designator: Old Designator=R26 New Designator=R86
Change Component Designator: Old Designator=R42 New Designator=R84
Change Component Designator: Old Designator=R46 New Designator=R85
Change Component Designator: Old Designator=R49 New Designator=R88
Change Component Designator: Old Designator=R113 New Designator=R77
Change Component Designator: Old Designator=R114 New Designator=R78
Change Component Designator: Old Designator=R115 New Designator=R79
Change Component Designator: Old Designator=R116 New Designator=R80
Change Component Designator: Old Designator=R117 New Designator=R81
Change Component Designator: Old Designator=R118 New Designator=R82
Change Component Designator: Old Designator=R119 New Designator=R83
Change Component Designator: Old Designator=R122 New Designator=R89
Change Component Designator: Old Designator=R125 New Designator=R91
Change Component Designator: Old Designator=R126 New Designator=R90
Change Component Designator: Old Designator=R195 New Designator=R92
Change Component Designator: Old Designator=U4 New Designator=U19
Change Component Designator: Old Designator=U40 New Designator=U18
