Change Component Designator: Old Designator=C143 New Designator=C82
Change Component Designator: Old Designator=C144 New Designator=C83
Change Component Designator: Old Designator=C145 New Designator=C84
Change Component Designator: Old Designator=C146 New Designator=C85
Change Component Designator: Old Designator=C147 New Designator=C86
Change Component Designator: Old Designator=C148 New Designator=C87
Change Component Designator: Old Designator=C149 New Designator=C88
Change Component Designator: Old Designator=C150 New Designator=C89
Change Component Designator: Old Designator=C151 New Designator=C90
Change Component Designator: Old Designator=C152 New Designator=C92
Change Component Designator: Old Designator=C153 New Designator=C91
Change Component Designator: Old Designator=D25 New Designator=D12
Change Component Designator: Old Designator=L16 New Designator=L3
Change Component Designator: Old Designator=R149 New Designator=R93
Change Component Designator: Old Designator=R150 New Designator=R94
Change Component Designator: Old Designator=R151 New Designator=R95
Change Component Designator: Old Designator=R152 New Designator=R96
Change Component Designator: Old Designator=R153 New Designator=R97
Change Component Designator: Old Designator=R154 New Designator=R98
Change Component Designator: Old Designator=R155 New Designator=R99
Change Component Designator: Old Designator=R156 New Designator=R100
Change Component Designator: Old Designator=R157 New Designator=R101
Change Component Designator: Old Designator=R158 New Designator=R102
Change Component Designator: Old Designator=R159 New Designator=R103
Change Component Designator: Old Designator=R160 New Designator=R104
Change Component Designator: Old Designator=R161 New Designator=R105
Change Component Designator: Old Designator=R162 New Designator=R106
Change Component Designator: Old Designator=R163 New Designator=R107
Change Component Designator: Old Designator=R164 New Designator=R108
Change Component Designator: Old Designator=R165 New Designator=R109
Change Component Designator: Old Designator=R166 New Designator=R110
Change Component Designator: Old Designator=R167 New Designator=R111
Change Component Designator: Old Designator=R168 New Designator=R112
Change Component Designator: Old Designator=R169 New Designator=R113
Change Component Designator: Old Designator=R170 New Designator=R114
Change Component Designator: Old Designator=U47 New Designator=U20
